2025-01-15T00:30:04.537+05:30  INFO 33728 --- [fuel-management-system] [main] .e.f.m.s.FuelManagementSystemApplication : Starting FuelManagementSystemApplication using Java 21.0.2 with PID 33728 (F:\SAD Project\fuel management system\fuel-management-system\target\classes started by MEDAGAMA in F:\SAD Project\fuel management system)
2025-01-15T00:30:04.542+05:30  INFO 33728 --- [fuel-management-system] [main] .e.f.m.s.FuelManagementSystemApplication : No active profile set, falling back to 1 default profile: "default"
2025-01-15T00:30:05.947+05:30  INFO 33728 --- [fuel-management-system] [main] .s.d.r.c.RepositoryConfigurationDelegate : Bootstrapping Spring Data JPA repositories in DEFAULT mode.
2025-01-15T00:30:05.988+05:30  INFO 33728 --- [fuel-management-system] [main] .s.d.r.c.RepositoryConfigurationDelegate : Finished Spring Data repository scanning in 23 ms. Found 0 JPA repository interfaces.
2025-01-15T00:30:07.062+05:30  INFO 33728 --- [fuel-management-system] [main] o.s.b.w.embedded.tomcat.TomcatWebServer  : Tomcat initialized with port 8080 (http)
2025-01-15T00:30:07.090+05:30  INFO 33728 --- [fuel-management-system] [main] o.apache.catalina.core.StandardService   : Starting service [Tomcat]
2025-01-15T00:30:07.091+05:30  INFO 33728 --- [fuel-management-system] [main] o.apache.catalina.core.StandardEngine    : Starting Servlet engine: [Apache Tomcat/10.1.34]
2025-01-15T00:30:07.223+05:30  INFO 33728 --- [fuel-management-system] [main] o.a.c.c.C.[Tomcat].[localhost].[/api]    : Initializing Spring embedded WebApplicationContext
2025-01-15T00:30:07.224+05:30  INFO 33728 --- [fuel-management-system] [main] w.s.c.ServletWebServerApplicationContext : Root WebApplicationContext: initialization completed in 2533 ms
2025-01-15T00:30:07.598+05:30  INFO 33728 --- [fuel-management-system] [main] o.hibernate.jpa.internal.util.LogHelper  : HHH000204: Processing PersistenceUnitInfo [name: default]
2025-01-15T00:30:07.732+05:30  INFO 33728 --- [fuel-management-system] [main] org.hibernate.Version                    : HHH000412: Hibernate ORM core version 6.6.4.Final
2025-01-15T00:30:07.844+05:30  INFO 33728 --- [fuel-management-system] [main] o.h.c.internal.RegionFactoryInitiator    : HHH000026: Second-level cache disabled
2025-01-15T00:30:08.493+05:30  INFO 33728 --- [fuel-management-system] [main] o.s.o.j.p.SpringPersistenceUnitInfo      : No LoadTimeWeaver setup: ignoring JPA class transformer
2025-01-15T00:30:08.570+05:30  INFO 33728 --- [fuel-management-system] [main] com.zaxxer.hikari.HikariDataSource       : HikariPool-1 - Starting...
2025-01-15T00:30:09.468+05:30  INFO 33728 --- [fuel-management-system] [main] com.zaxxer.hikari.pool.HikariPool        : HikariPool-1 - Added connection com.mysql.cj.jdbc.ConnectionImpl@722b2728
2025-01-15T00:30:09.471+05:30  INFO 33728 --- [fuel-management-system] [main] com.zaxxer.hikari.HikariDataSource       : HikariPool-1 - Start completed.
2025-01-15T00:30:09.577+05:30  WARN 33728 --- [fuel-management-system] [main] org.hibernate.orm.deprecation            : HHH90000025: MySQLDialect does not need to be specified explicitly using 'hibernate.dialect' (remove the property setting and it will be selected by default)
2025-01-15T00:30:09.627+05:30  INFO 33728 --- [fuel-management-system] [main] org.hibernate.orm.connections.pooling    : HHH10001005: Database info:
	Database JDBC URL [Connecting through datasource 'HikariDataSource (HikariPool-1)']
	Database driver: undefined/unknown
	Database version: 8.0.36
	Autocommit mode: undefined/unknown
	Isolation level: undefined/unknown
	Minimum pool size: undefined/unknown
	Maximum pool size: undefined/unknown
2025-01-15T00:30:10.352+05:30  INFO 33728 --- [fuel-management-system] [main] o.h.e.t.j.p.i.JtaPlatformInitiator       : HHH000489: No JTA platform available (set 'hibernate.transaction.jta.platform' to enable JTA platform integration)
2025-01-15T00:30:10.362+05:30  INFO 33728 --- [fuel-management-system] [main] j.LocalContainerEntityManagerFactoryBean : Initialized JPA EntityManagerFactory for persistence unit 'default'
2025-01-15T00:30:10.446+05:30  WARN 33728 --- [fuel-management-system] [main] JpaBaseConfiguration$JpaWebConfiguration : spring.jpa.open-in-view is enabled by default. Therefore, database queries may be performed during view rendering. Explicitly configure spring.jpa.open-in-view to disable this warning
2025-01-15T00:30:11.352+05:30  INFO 33728 --- [fuel-management-system] [main] o.s.b.w.embedded.tomcat.TomcatWebServer  : Tomcat started on port 8080 (http) with context path '/api'
2025-01-15T00:30:11.365+05:30  INFO 33728 --- [fuel-management-system] [main] .e.f.m.s.FuelManagementSystemApplication : Started FuelManagementSystemApplication in 7.766 seconds (process running for 9.288)
2025-01-15T00:30:37.837+05:30  INFO 33728 --- [fuel-management-system] [SpringApplicationShutdownHook] o.s.b.w.e.tomcat.GracefulShutdown        : Commencing graceful shutdown. Waiting for active requests to complete
2025-01-15T00:30:37.884+05:30  INFO 33728 --- [fuel-management-system] [tomcat-shutdown] o.s.b.w.e.tomcat.GracefulShutdown        : Graceful shutdown complete
2025-01-15T00:30:37.893+05:30  INFO 33728 --- [fuel-management-system] [SpringApplicationShutdownHook] j.LocalContainerEntityManagerFactoryBean : Closing JPA EntityManagerFactory for persistence unit 'default'
2025-01-15T00:30:37.898+05:30  INFO 33728 --- [fuel-management-system] [SpringApplicationShutdownHook] com.zaxxer.hikari.HikariDataSource       : HikariPool-1 - Shutdown initiated...
2025-01-15T00:30:37.929+05:30  INFO 33728 --- [fuel-management-system] [SpringApplicationShutdownHook] com.zaxxer.hikari.HikariDataSource       : HikariPool-1 - Shutdown completed.
2025-01-15T00:31:09.990+05:30  INFO 27768 --- [fuel-management-system] [main] .e.f.m.s.FuelManagementSystemApplication : Starting FuelManagementSystemApplication using Java 21.0.2 with PID 27768 (F:\SAD Project\fuel management system\fuel-management-system\target\classes started by MEDAGAMA in F:\SAD Project\fuel management system)
2025-01-15T00:31:09.997+05:30  INFO 27768 --- [fuel-management-system] [main] .e.f.m.s.FuelManagementSystemApplication : No active profile set, falling back to 1 default profile: "default"
2025-01-15T00:31:11.344+05:30  INFO 27768 --- [fuel-management-system] [main] .s.d.r.c.RepositoryConfigurationDelegate : Bootstrapping Spring Data JPA repositories in DEFAULT mode.
2025-01-15T00:31:11.390+05:30  INFO 27768 --- [fuel-management-system] [main] .s.d.r.c.RepositoryConfigurationDelegate : Finished Spring Data repository scanning in 23 ms. Found 0 JPA repository interfaces.
2025-01-15T00:31:12.465+05:30  INFO 27768 --- [fuel-management-system] [main] o.s.b.w.embedded.tomcat.TomcatWebServer  : Tomcat initialized with port 8080 (http)
2025-01-15T00:31:12.492+05:30  INFO 27768 --- [fuel-management-system] [main] o.apache.catalina.core.StandardService   : Starting service [Tomcat]
2025-01-15T00:31:12.492+05:30  INFO 27768 --- [fuel-management-system] [main] o.apache.catalina.core.StandardEngine    : Starting Servlet engine: [Apache Tomcat/10.1.34]
2025-01-15T00:31:12.617+05:30  INFO 27768 --- [fuel-management-system] [main] o.a.c.c.C.[Tomcat].[localhost].[/]       : Initializing Spring embedded WebApplicationContext
2025-01-15T00:31:12.620+05:30  INFO 27768 --- [fuel-management-system] [main] w.s.c.ServletWebServerApplicationContext : Root WebApplicationContext: initialization completed in 2512 ms
2025-01-15T00:31:12.962+05:30  INFO 27768 --- [fuel-management-system] [main] o.hibernate.jpa.internal.util.LogHelper  : HHH000204: Processing PersistenceUnitInfo [name: default]
2025-01-15T00:31:13.084+05:30  INFO 27768 --- [fuel-management-system] [main] org.hibernate.Version                    : HHH000412: Hibernate ORM core version 6.6.4.Final
2025-01-15T00:31:13.158+05:30  INFO 27768 --- [fuel-management-system] [main] o.h.c.internal.RegionFactoryInitiator    : HHH000026: Second-level cache disabled
2025-01-15T00:31:13.823+05:30  INFO 27768 --- [fuel-management-system] [main] o.s.o.j.p.SpringPersistenceUnitInfo      : No LoadTimeWeaver setup: ignoring JPA class transformer
2025-01-15T00:31:13.882+05:30  INFO 27768 --- [fuel-management-system] [main] com.zaxxer.hikari.HikariDataSource       : HikariPool-1 - Starting...
2025-01-15T00:31:14.537+05:30  INFO 27768 --- [fuel-management-system] [main] com.zaxxer.hikari.pool.HikariPool        : HikariPool-1 - Added connection com.mysql.cj.jdbc.ConnectionImpl@37bda983
2025-01-15T00:31:14.541+05:30  INFO 27768 --- [fuel-management-system] [main] com.zaxxer.hikari.HikariDataSource       : HikariPool-1 - Start completed.
2025-01-15T00:31:14.634+05:30  WARN 27768 --- [fuel-management-system] [main] org.hibernate.orm.deprecation            : HHH90000025: MySQLDialect does not need to be specified explicitly using 'hibernate.dialect' (remove the property setting and it will be selected by default)
2025-01-15T00:31:14.679+05:30  INFO 27768 --- [fuel-management-system] [main] org.hibernate.orm.connections.pooling    : HHH10001005: Database info:
	Database JDBC URL [Connecting through datasource 'HikariDataSource (HikariPool-1)']
	Database driver: undefined/unknown
	Database version: 8.0.36
	Autocommit mode: undefined/unknown
	Isolation level: undefined/unknown
	Minimum pool size: undefined/unknown
	Maximum pool size: undefined/unknown
2025-01-15T00:31:15.555+05:30  INFO 27768 --- [fuel-management-system] [main] o.h.e.t.j.p.i.JtaPlatformInitiator       : HHH000489: No JTA platform available (set 'hibernate.transaction.jta.platform' to enable JTA platform integration)
2025-01-15T00:31:15.570+05:30  INFO 27768 --- [fuel-management-system] [main] j.LocalContainerEntityManagerFactoryBean : Initialized JPA EntityManagerFactory for persistence unit 'default'
2025-01-15T00:31:15.747+05:30  WARN 27768 --- [fuel-management-system] [main] JpaBaseConfiguration$JpaWebConfiguration : spring.jpa.open-in-view is enabled by default. Therefore, database queries may be performed during view rendering. Explicitly configure spring.jpa.open-in-view to disable this warning
2025-01-15T00:31:16.572+05:30  INFO 27768 --- [fuel-management-system] [main] o.s.b.w.embedded.tomcat.TomcatWebServer  : Tomcat started on port 8080 (http) with context path '/'
2025-01-15T00:31:16.601+05:30  INFO 27768 --- [fuel-management-system] [main] .e.f.m.s.FuelManagementSystemApplication : Started FuelManagementSystemApplication in 7.556 seconds (process running for 8.981)
2025-01-15T00:31:23.753+05:30  INFO 27768 --- [fuel-management-system] [http-nio-8080-exec-1] o.a.c.c.C.[Tomcat].[localhost].[/]       : Initializing Spring DispatcherServlet 'dispatcherServlet'
2025-01-15T00:31:23.753+05:30  INFO 27768 --- [fuel-management-system] [http-nio-8080-exec-1] o.s.web.servlet.DispatcherServlet        : Initializing Servlet 'dispatcherServlet'
2025-01-15T00:31:23.757+05:30  INFO 27768 --- [fuel-management-system] [http-nio-8080-exec-1] o.s.web.servlet.DispatcherServlet        : Completed initialization in 3 ms
2025-01-15T00:34:45.594+05:30  INFO 27768 --- [fuel-management-system] [SpringApplicationShutdownHook] o.s.b.w.e.tomcat.GracefulShutdown        : Commencing graceful shutdown. Waiting for active requests to complete
2025-01-15T00:34:45.636+05:30  INFO 27768 --- [fuel-management-system] [tomcat-shutdown] o.s.b.w.e.tomcat.GracefulShutdown        : Graceful shutdown complete
2025-01-15T00:34:45.642+05:30  INFO 27768 --- [fuel-management-system] [SpringApplicationShutdownHook] j.LocalContainerEntityManagerFactoryBean : Closing JPA EntityManagerFactory for persistence unit 'default'
2025-01-15T00:34:45.646+05:30  INFO 27768 --- [fuel-management-system] [SpringApplicationShutdownHook] com.zaxxer.hikari.HikariDataSource       : HikariPool-1 - Shutdown initiated...
2025-01-15T00:34:45.666+05:30  INFO 27768 --- [fuel-management-system] [SpringApplicationShutdownHook] com.zaxxer.hikari.HikariDataSource       : HikariPool-1 - Shutdown completed.
